c:\users\vlad\source\repos\cop1\lab1\debug\vc141.pdb
c:\users\vlad\source\repos\cop1\lab1\debug\vc141.idb
c:\users\vlad\source\repos\cop1\lab1\debug\client.obj
c:\users\vlad\source\repos\cop1\debug\lab1.pdb
c:\users\vlad\source\repos\cop1\lab1\debug\lab1.tlog\cl.command.1.tlog
c:\users\vlad\source\repos\cop1\lab1\debug\lab1.tlog\cl.read.1.tlog
c:\users\vlad\source\repos\cop1\lab1\debug\lab1.tlog\cl.write.1.tlog
c:\users\vlad\source\repos\cop1\lab1\debug\lab1.tlog\link-cvtres.read.1.tlog
c:\users\vlad\source\repos\cop1\lab1\debug\lab1.tlog\link-cvtres.write.1.tlog
c:\users\vlad\source\repos\cop1\lab1\debug\lab1.tlog\link-rc.read.1.tlog
c:\users\vlad\source\repos\cop1\lab1\debug\lab1.tlog\link-rc.write.1.tlog
c:\users\vlad\source\repos\cop1\lab1\debug\lab1.tlog\link.10172-cvtres.read.1.tlog
c:\users\vlad\source\repos\cop1\lab1\debug\lab1.tlog\link.10172-cvtres.write.1.tlog
c:\users\vlad\source\repos\cop1\lab1\debug\lab1.tlog\link.10172-rc.read.1.tlog
c:\users\vlad\source\repos\cop1\lab1\debug\lab1.tlog\link.10172-rc.write.1.tlog
c:\users\vlad\source\repos\cop1\lab1\debug\lab1.tlog\link.10172.read.1.tlog
c:\users\vlad\source\repos\cop1\lab1\debug\lab1.tlog\link.10172.write.1.tlog
c:\users\vlad\source\repos\cop1\lab1\debug\lab1.tlog\link.command.1.tlog
c:\users\vlad\source\repos\cop1\lab1\debug\lab1.tlog\link.read.1.tlog
c:\users\vlad\source\repos\cop1\lab1\debug\lab1.tlog\link.write.1.tlog
